<?xml version="1.0" encoding="UTF-8"?>
<!-- Generated by org.testng.reporters.JUnitXMLReporter -->
<testsuite ignored="0" hostname="Salenium-03" failures="0" tests="3" name="test-1" time="46.229" errors="0" timestamp="2022-10-18T20:14:06 GMT-07:00">
  <testcase classname="com.orangeHRM.test.OrangeHRM_Login" name="VerifyLoginurlTest" time="12.863"/>
  <testcase classname="com.orangeHRM.test.OrangeHRM_Login" name="VerifyLogintextTest" time="11.574"/>
  <testcase classname="com.orangeHRM.test.OrangeHRM_Login" name="logoVerifyTest" time="3.875"/>
</testsuite> <!-- test-1 -->
