<?xml version="1.0" encoding="UTF-8"?>
<!-- Generated by org.testng.reporters.JUnitReportReporter -->
<testsuite hostname="Salenium-03" failures="0" tests="3" name="com.orangeHRM.test.OrangeHRM_Login" time="27.757" errors="0" timestamp="2022-10-19T09:10:17 GMT-07:00" skipped="0">
  <testcase classname="com.orangeHRM.test.OrangeHRM_Login" name="VerifyLoginurlTest" time="12.990"/>
  <system-out/>
  <testcase classname="com.orangeHRM.test.OrangeHRM_Login" name="VerifyLogintextTest" time="11.187"/>
  <system-out/>
  <testcase classname="com.orangeHRM.test.OrangeHRM_Login" name="logoVerifyTest" time="3.580"/>
  <system-out/>
</testsuite> <!-- com.orangeHRM.test.OrangeHRM_Login -->
